2017-03-14 16:48:22,690 ERROR[com.alibaba.dubbo.rpc.filter.ExceptionFilter:87] -  [DUBBO] Got unchecked and undeclared exception which called by 192.168.56.1. service: com.rrcp.api.user.service.impl.UService, method: getData, exception: java.lang.NullPointerException: null, dubbo version: 2.8.4, current host: 127.0.0.1
java.lang.NullPointerException
	at com.rrcp.api.user.service.impl.UServiceImpl.getData(UServiceImpl.java:18)
	at com.alibaba.dubbo.common.bytecode.Wrapper3.invokeMethod(Wrapper3.java)
	at com.alibaba.dubbo.rpc.proxy.javassist.JavassistProxyFactory$1.doInvoke(JavassistProxyFactory.java:46)
	at com.alibaba.dubbo.rpc.proxy.AbstractProxyInvoker.invoke(AbstractProxyInvoker.java:72)
	at com.alibaba.dubbo.rpc.protocol.InvokerWrapper.invoke(InvokerWrapper.java:53)
	at com.alibaba.dubbo.rpc.filter.ExceptionFilter.invoke(ExceptionFilter.java:64)
	at com.alibaba.dubbo.rpc.protocol.ProtocolFilterWrapper$1.invoke(ProtocolFilterWrapper.java:91)
	at com.alibaba.dubbo.monitor.support.MonitorFilter.invoke(MonitorFilter.java:75)
	at com.alibaba.dubbo.rpc.protocol.ProtocolFilterWrapper$1.invoke(ProtocolFilterWrapper.java:91)
	at com.alibaba.dubbo.rpc.filter.TimeoutFilter.invoke(TimeoutFilter.java:42)
	at com.alibaba.dubbo.rpc.protocol.ProtocolFilterWrapper$1.invoke(ProtocolFilterWrapper.java:91)
	at com.alibaba.dubbo.rpc.protocol.dubbo.filter.TraceFilter.invoke(TraceFilter.java:78)
	at com.alibaba.dubbo.rpc.protocol.ProtocolFilterWrapper$1.invoke(ProtocolFilterWrapper.java:91)
	at com.alibaba.dubbo.rpc.filter.ContextFilter.invoke(ContextFilter.java:70)
	at com.alibaba.dubbo.rpc.protocol.ProtocolFilterWrapper$1.invoke(ProtocolFilterWrapper.java:91)
	at com.alibaba.dubbo.rpc.filter.GenericFilter.invoke(GenericFilter.java:132)
	at com.alibaba.dubbo.rpc.protocol.ProtocolFilterWrapper$1.invoke(ProtocolFilterWrapper.java:91)
	at com.alibaba.dubbo.rpc.filter.ClassLoaderFilter.invoke(ClassLoaderFilter.java:38)
	at com.alibaba.dubbo.rpc.protocol.ProtocolFilterWrapper$1.invoke(ProtocolFilterWrapper.java:91)
	at com.alibaba.dubbo.rpc.filter.EchoFilter.invoke(EchoFilter.java:38)
	at com.alibaba.dubbo.rpc.protocol.ProtocolFilterWrapper$1.invoke(ProtocolFilterWrapper.java:91)
	at com.alibaba.dubbo.rpc.protocol.dubbo.DubboProtocol$1.reply(DubboProtocol.java:113)
	at com.alibaba.dubbo.remoting.exchange.support.header.HeaderExchangeHandler.handleRequest(HeaderExchangeHandler.java:84)
	at com.alibaba.dubbo.remoting.exchange.support.header.HeaderExchangeHandler.received(HeaderExchangeHandler.java:170)
	at com.alibaba.dubbo.remoting.transport.DecodeHandler.received(DecodeHandler.java:52)
	at com.alibaba.dubbo.remoting.transport.dispatcher.ChannelEventRunnable.run(ChannelEventRunnable.java:82)
	at java.util.concurrent.ThreadPoolExecutor.runWorker(ThreadPoolExecutor.java:1142)
	at java.util.concurrent.ThreadPoolExecutor$Worker.run(ThreadPoolExecutor.java:617)
	at java.lang.Thread.run(Thread.java:745)
2017-03-14 16:48:22,914 ERROR[com.alibaba.dubbo.rpc.filter.ExceptionFilter:87] -  [DUBBO] Got unchecked and undeclared exception which called by 192.168.56.1. service: com.rrcp.api.user.service.impl.UService, method: getData, exception: java.lang.NullPointerException: null, dubbo version: 2.8.4, current host: 127.0.0.1
java.lang.NullPointerException
	at com.rrcp.api.user.service.impl.UServiceImpl.getData(UServiceImpl.java:18)
	at com.alibaba.dubbo.common.bytecode.Wrapper3.invokeMethod(Wrapper3.java)
	at com.alibaba.dubbo.rpc.proxy.javassist.JavassistProxyFactory$1.doInvoke(JavassistProxyFactory.java:46)
	at com.alibaba.dubbo.rpc.proxy.AbstractProxyInvoker.invoke(AbstractProxyInvoker.java:72)
	at com.alibaba.dubbo.rpc.protocol.InvokerWrapper.invoke(InvokerWrapper.java:53)
	at com.alibaba.dubbo.rpc.filter.ExceptionFilter.invoke(ExceptionFilter.java:64)
	at com.alibaba.dubbo.rpc.protocol.ProtocolFilterWrapper$1.invoke(ProtocolFilterWrapper.java:91)
	at com.alibaba.dubbo.monitor.support.MonitorFilter.invoke(MonitorFilter.java:75)
	at com.alibaba.dubbo.rpc.protocol.ProtocolFilterWrapper$1.invoke(ProtocolFilterWrapper.java:91)
	at com.alibaba.dubbo.rpc.filter.TimeoutFilter.invoke(TimeoutFilter.java:42)
	at com.alibaba.dubbo.rpc.protocol.ProtocolFilterWrapper$1.invoke(ProtocolFilterWrapper.java:91)
	at com.alibaba.dubbo.rpc.protocol.dubbo.filter.TraceFilter.invoke(TraceFilter.java:78)
	at com.alibaba.dubbo.rpc.protocol.ProtocolFilterWrapper$1.invoke(ProtocolFilterWrapper.java:91)
	at com.alibaba.dubbo.rpc.filter.ContextFilter.invoke(ContextFilter.java:70)
	at com.alibaba.dubbo.rpc.protocol.ProtocolFilterWrapper$1.invoke(ProtocolFilterWrapper.java:91)
	at com.alibaba.dubbo.rpc.filter.GenericFilter.invoke(GenericFilter.java:132)
	at com.alibaba.dubbo.rpc.protocol.ProtocolFilterWrapper$1.invoke(ProtocolFilterWrapper.java:91)
	at com.alibaba.dubbo.rpc.filter.ClassLoaderFilter.invoke(ClassLoaderFilter.java:38)
	at com.alibaba.dubbo.rpc.protocol.ProtocolFilterWrapper$1.invoke(ProtocolFilterWrapper.java:91)
	at com.alibaba.dubbo.rpc.filter.EchoFilter.invoke(EchoFilter.java:38)
	at com.alibaba.dubbo.rpc.protocol.ProtocolFilterWrapper$1.invoke(ProtocolFilterWrapper.java:91)
	at com.alibaba.dubbo.rpc.protocol.dubbo.DubboProtocol$1.reply(DubboProtocol.java:113)
	at com.alibaba.dubbo.remoting.exchange.support.header.HeaderExchangeHandler.handleRequest(HeaderExchangeHandler.java:84)
	at com.alibaba.dubbo.remoting.exchange.support.header.HeaderExchangeHandler.received(HeaderExchangeHandler.java:170)
	at com.alibaba.dubbo.remoting.transport.DecodeHandler.received(DecodeHandler.java:52)
	at com.alibaba.dubbo.remoting.transport.dispatcher.ChannelEventRunnable.run(ChannelEventRunnable.java:82)
	at java.util.concurrent.ThreadPoolExecutor.runWorker(ThreadPoolExecutor.java:1142)
	at java.util.concurrent.ThreadPoolExecutor$Worker.run(ThreadPoolExecutor.java:617)
	at java.lang.Thread.run(Thread.java:745)
2017-03-14 16:48:25,596 ERROR[com.alibaba.dubbo.rpc.filter.ExceptionFilter:87] -  [DUBBO] Got unchecked and undeclared exception which called by 192.168.56.1. service: com.rrcp.api.user.service.impl.UService, method: getData, exception: java.lang.NullPointerException: null, dubbo version: 2.8.4, current host: 127.0.0.1
java.lang.NullPointerException
	at com.rrcp.api.user.service.impl.UServiceImpl.getData(UServiceImpl.java:18)
	at com.alibaba.dubbo.common.bytecode.Wrapper3.invokeMethod(Wrapper3.java)
	at com.alibaba.dubbo.rpc.proxy.javassist.JavassistProxyFactory$1.doInvoke(JavassistProxyFactory.java:46)
	at com.alibaba.dubbo.rpc.proxy.AbstractProxyInvoker.invoke(AbstractProxyInvoker.java:72)
	at com.alibaba.dubbo.rpc.protocol.InvokerWrapper.invoke(InvokerWrapper.java:53)
	at com.alibaba.dubbo.rpc.filter.ExceptionFilter.invoke(ExceptionFilter.java:64)
	at com.alibaba.dubbo.rpc.protocol.ProtocolFilterWrapper$1.invoke(ProtocolFilterWrapper.java:91)
	at com.alibaba.dubbo.monitor.support.MonitorFilter.invoke(MonitorFilter.java:75)
	at com.alibaba.dubbo.rpc.protocol.ProtocolFilterWrapper$1.invoke(ProtocolFilterWrapper.java:91)
	at com.alibaba.dubbo.rpc.filter.TimeoutFilter.invoke(TimeoutFilter.java:42)
	at com.alibaba.dubbo.rpc.protocol.ProtocolFilterWrapper$1.invoke(ProtocolFilterWrapper.java:91)
	at com.alibaba.dubbo.rpc.protocol.dubbo.filter.TraceFilter.invoke(TraceFilter.java:78)
	at com.alibaba.dubbo.rpc.protocol.ProtocolFilterWrapper$1.invoke(ProtocolFilterWrapper.java:91)
	at com.alibaba.dubbo.rpc.filter.ContextFilter.invoke(ContextFilter.java:70)
	at com.alibaba.dubbo.rpc.protocol.ProtocolFilterWrapper$1.invoke(ProtocolFilterWrapper.java:91)
	at com.alibaba.dubbo.rpc.filter.GenericFilter.invoke(GenericFilter.java:132)
	at com.alibaba.dubbo.rpc.protocol.ProtocolFilterWrapper$1.invoke(ProtocolFilterWrapper.java:91)
	at com.alibaba.dubbo.rpc.filter.ClassLoaderFilter.invoke(ClassLoaderFilter.java:38)
	at com.alibaba.dubbo.rpc.protocol.ProtocolFilterWrapper$1.invoke(ProtocolFilterWrapper.java:91)
	at com.alibaba.dubbo.rpc.filter.EchoFilter.invoke(EchoFilter.java:38)
	at com.alibaba.dubbo.rpc.protocol.ProtocolFilterWrapper$1.invoke(ProtocolFilterWrapper.java:91)
	at com.alibaba.dubbo.rpc.protocol.dubbo.DubboProtocol$1.reply(DubboProtocol.java:113)
	at com.alibaba.dubbo.remoting.exchange.support.header.HeaderExchangeHandler.handleRequest(HeaderExchangeHandler.java:84)
	at com.alibaba.dubbo.remoting.exchange.support.header.HeaderExchangeHandler.received(HeaderExchangeHandler.java:170)
	at com.alibaba.dubbo.remoting.transport.DecodeHandler.received(DecodeHandler.java:52)
	at com.alibaba.dubbo.remoting.transport.dispatcher.ChannelEventRunnable.run(ChannelEventRunnable.java:82)
	at java.util.concurrent.ThreadPoolExecutor.runWorker(ThreadPoolExecutor.java:1142)
	at java.util.concurrent.ThreadPoolExecutor$Worker.run(ThreadPoolExecutor.java:617)
	at java.lang.Thread.run(Thread.java:745)
2017-03-14 16:48:30,636 ERROR[com.alibaba.dubbo.rpc.filter.ExceptionFilter:87] -  [DUBBO] Got unchecked and undeclared exception which called by 192.168.56.1. service: com.rrcp.api.user.service.impl.UService, method: getData, exception: java.lang.NullPointerException: null, dubbo version: 2.8.4, current host: 127.0.0.1
java.lang.NullPointerException
	at com.rrcp.api.user.service.impl.UServiceImpl.getData(UServiceImpl.java:18)
	at com.alibaba.dubbo.common.bytecode.Wrapper3.invokeMethod(Wrapper3.java)
	at com.alibaba.dubbo.rpc.proxy.javassist.JavassistProxyFactory$1.doInvoke(JavassistProxyFactory.java:46)
	at com.alibaba.dubbo.rpc.proxy.AbstractProxyInvoker.invoke(AbstractProxyInvoker.java:72)
	at com.alibaba.dubbo.rpc.protocol.InvokerWrapper.invoke(InvokerWrapper.java:53)
	at com.alibaba.dubbo.rpc.filter.ExceptionFilter.invoke(ExceptionFilter.java:64)
	at com.alibaba.dubbo.rpc.protocol.ProtocolFilterWrapper$1.invoke(ProtocolFilterWrapper.java:91)
	at com.alibaba.dubbo.monitor.support.MonitorFilter.invoke(MonitorFilter.java:75)
	at com.alibaba.dubbo.rpc.protocol.ProtocolFilterWrapper$1.invoke(ProtocolFilterWrapper.java:91)
	at com.alibaba.dubbo.rpc.filter.TimeoutFilter.invoke(TimeoutFilter.java:42)
	at com.alibaba.dubbo.rpc.protocol.ProtocolFilterWrapper$1.invoke(ProtocolFilterWrapper.java:91)
	at com.alibaba.dubbo.rpc.protocol.dubbo.filter.TraceFilter.invoke(TraceFilter.java:78)
	at com.alibaba.dubbo.rpc.protocol.ProtocolFilterWrapper$1.invoke(ProtocolFilterWrapper.java:91)
	at com.alibaba.dubbo.rpc.filter.ContextFilter.invoke(ContextFilter.java:70)
	at com.alibaba.dubbo.rpc.protocol.ProtocolFilterWrapper$1.invoke(ProtocolFilterWrapper.java:91)
	at com.alibaba.dubbo.rpc.filter.GenericFilter.invoke(GenericFilter.java:132)
	at com.alibaba.dubbo.rpc.protocol.ProtocolFilterWrapper$1.invoke(ProtocolFilterWrapper.java:91)
	at com.alibaba.dubbo.rpc.filter.ClassLoaderFilter.invoke(ClassLoaderFilter.java:38)
	at com.alibaba.dubbo.rpc.protocol.ProtocolFilterWrapper$1.invoke(ProtocolFilterWrapper.java:91)
	at com.alibaba.dubbo.rpc.filter.EchoFilter.invoke(EchoFilter.java:38)
	at com.alibaba.dubbo.rpc.protocol.ProtocolFilterWrapper$1.invoke(ProtocolFilterWrapper.java:91)
	at com.alibaba.dubbo.rpc.protocol.dubbo.DubboProtocol$1.reply(DubboProtocol.java:113)
	at com.alibaba.dubbo.remoting.exchange.support.header.HeaderExchangeHandler.handleRequest(HeaderExchangeHandler.java:84)
	at com.alibaba.dubbo.remoting.exchange.support.header.HeaderExchangeHandler.received(HeaderExchangeHandler.java:170)
	at com.alibaba.dubbo.remoting.transport.DecodeHandler.received(DecodeHandler.java:52)
	at com.alibaba.dubbo.remoting.transport.dispatcher.ChannelEventRunnable.run(ChannelEventRunnable.java:82)
	at java.util.concurrent.ThreadPoolExecutor.runWorker(ThreadPoolExecutor.java:1142)
	at java.util.concurrent.ThreadPoolExecutor$Worker.run(ThreadPoolExecutor.java:617)
	at java.lang.Thread.run(Thread.java:745)
2017-03-14 16:48:42,044 ERROR[com.alibaba.dubbo.rpc.filter.ExceptionFilter:87] -  [DUBBO] Got unchecked and undeclared exception which called by 192.168.56.1. service: com.rrcp.api.user.service.impl.UService, method: getData, exception: java.lang.NullPointerException: null, dubbo version: 2.8.4, current host: 127.0.0.1
java.lang.NullPointerException
	at com.rrcp.api.user.service.impl.UServiceImpl.getData(UServiceImpl.java:18)
	at com.alibaba.dubbo.common.bytecode.Wrapper3.invokeMethod(Wrapper3.java)
	at com.alibaba.dubbo.rpc.proxy.javassist.JavassistProxyFactory$1.doInvoke(JavassistProxyFactory.java:46)
	at com.alibaba.dubbo.rpc.proxy.AbstractProxyInvoker.invoke(AbstractProxyInvoker.java:72)
	at com.alibaba.dubbo.rpc.protocol.InvokerWrapper.invoke(InvokerWrapper.java:53)
	at com.alibaba.dubbo.rpc.filter.ExceptionFilter.invoke(ExceptionFilter.java:64)
	at com.alibaba.dubbo.rpc.protocol.ProtocolFilterWrapper$1.invoke(ProtocolFilterWrapper.java:91)
	at com.alibaba.dubbo.monitor.support.MonitorFilter.invoke(MonitorFilter.java:75)
	at com.alibaba.dubbo.rpc.protocol.ProtocolFilterWrapper$1.invoke(ProtocolFilterWrapper.java:91)
	at com.alibaba.dubbo.rpc.filter.TimeoutFilter.invoke(TimeoutFilter.java:42)
	at com.alibaba.dubbo.rpc.protocol.ProtocolFilterWrapper$1.invoke(ProtocolFilterWrapper.java:91)
	at com.alibaba.dubbo.rpc.protocol.dubbo.filter.TraceFilter.invoke(TraceFilter.java:78)
	at com.alibaba.dubbo.rpc.protocol.ProtocolFilterWrapper$1.invoke(ProtocolFilterWrapper.java:91)
	at com.alibaba.dubbo.rpc.filter.ContextFilter.invoke(ContextFilter.java:70)
	at com.alibaba.dubbo.rpc.protocol.ProtocolFilterWrapper$1.invoke(ProtocolFilterWrapper.java:91)
	at com.alibaba.dubbo.rpc.filter.GenericFilter.invoke(GenericFilter.java:132)
	at com.alibaba.dubbo.rpc.protocol.ProtocolFilterWrapper$1.invoke(ProtocolFilterWrapper.java:91)
	at com.alibaba.dubbo.rpc.filter.ClassLoaderFilter.invoke(ClassLoaderFilter.java:38)
	at com.alibaba.dubbo.rpc.protocol.ProtocolFilterWrapper$1.invoke(ProtocolFilterWrapper.java:91)
	at com.alibaba.dubbo.rpc.filter.EchoFilter.invoke(EchoFilter.java:38)
	at com.alibaba.dubbo.rpc.protocol.ProtocolFilterWrapper$1.invoke(ProtocolFilterWrapper.java:91)
	at com.alibaba.dubbo.rpc.protocol.dubbo.DubboProtocol$1.reply(DubboProtocol.java:113)
	at com.alibaba.dubbo.remoting.exchange.support.header.HeaderExchangeHandler.handleRequest(HeaderExchangeHandler.java:84)
	at com.alibaba.dubbo.remoting.exchange.support.header.HeaderExchangeHandler.received(HeaderExchangeHandler.java:170)
	at com.alibaba.dubbo.remoting.transport.DecodeHandler.received(DecodeHandler.java:52)
	at com.alibaba.dubbo.remoting.transport.dispatcher.ChannelEventRunnable.run(ChannelEventRunnable.java:82)
	at java.util.concurrent.ThreadPoolExecutor.runWorker(ThreadPoolExecutor.java:1142)
	at java.util.concurrent.ThreadPoolExecutor$Worker.run(ThreadPoolExecutor.java:617)
	at java.lang.Thread.run(Thread.java:745)
2017-03-14 16:48:45,667 ERROR[com.alibaba.dubbo.rpc.filter.ExceptionFilter:87] -  [DUBBO] Got unchecked and undeclared exception which called by 192.168.56.1. service: com.rrcp.api.user.service.impl.UService, method: getData, exception: java.lang.NullPointerException: null, dubbo version: 2.8.4, current host: 127.0.0.1
java.lang.NullPointerException
	at com.rrcp.api.user.service.impl.UServiceImpl.getData(UServiceImpl.java:18)
	at com.alibaba.dubbo.common.bytecode.Wrapper3.invokeMethod(Wrapper3.java)
	at com.alibaba.dubbo.rpc.proxy.javassist.JavassistProxyFactory$1.doInvoke(JavassistProxyFactory.java:46)
	at com.alibaba.dubbo.rpc.proxy.AbstractProxyInvoker.invoke(AbstractProxyInvoker.java:72)
	at com.alibaba.dubbo.rpc.protocol.InvokerWrapper.invoke(InvokerWrapper.java:53)
	at com.alibaba.dubbo.rpc.filter.ExceptionFilter.invoke(ExceptionFilter.java:64)
	at com.alibaba.dubbo.rpc.protocol.ProtocolFilterWrapper$1.invoke(ProtocolFilterWrapper.java:91)
	at com.alibaba.dubbo.monitor.support.MonitorFilter.invoke(MonitorFilter.java:75)
	at com.alibaba.dubbo.rpc.protocol.ProtocolFilterWrapper$1.invoke(ProtocolFilterWrapper.java:91)
	at com.alibaba.dubbo.rpc.filter.TimeoutFilter.invoke(TimeoutFilter.java:42)
	at com.alibaba.dubbo.rpc.protocol.ProtocolFilterWrapper$1.invoke(ProtocolFilterWrapper.java:91)
	at com.alibaba.dubbo.rpc.protocol.dubbo.filter.TraceFilter.invoke(TraceFilter.java:78)
	at com.alibaba.dubbo.rpc.protocol.ProtocolFilterWrapper$1.invoke(ProtocolFilterWrapper.java:91)
	at com.alibaba.dubbo.rpc.filter.ContextFilter.invoke(ContextFilter.java:70)
	at com.alibaba.dubbo.rpc.protocol.ProtocolFilterWrapper$1.invoke(ProtocolFilterWrapper.java:91)
	at com.alibaba.dubbo.rpc.filter.GenericFilter.invoke(GenericFilter.java:132)
	at com.alibaba.dubbo.rpc.protocol.ProtocolFilterWrapper$1.invoke(ProtocolFilterWrapper.java:91)
	at com.alibaba.dubbo.rpc.filter.ClassLoaderFilter.invoke(ClassLoaderFilter.java:38)
	at com.alibaba.dubbo.rpc.protocol.ProtocolFilterWrapper$1.invoke(ProtocolFilterWrapper.java:91)
	at com.alibaba.dubbo.rpc.filter.EchoFilter.invoke(EchoFilter.java:38)
	at com.alibaba.dubbo.rpc.protocol.ProtocolFilterWrapper$1.invoke(ProtocolFilterWrapper.java:91)
	at com.alibaba.dubbo.rpc.protocol.dubbo.DubboProtocol$1.reply(DubboProtocol.java:113)
	at com.alibaba.dubbo.remoting.exchange.support.header.HeaderExchangeHandler.handleRequest(HeaderExchangeHandler.java:84)
	at com.alibaba.dubbo.remoting.exchange.support.header.HeaderExchangeHandler.received(HeaderExchangeHandler.java:170)
	at com.alibaba.dubbo.remoting.transport.DecodeHandler.received(DecodeHandler.java:52)
	at com.alibaba.dubbo.remoting.transport.dispatcher.ChannelEventRunnable.run(ChannelEventRunnable.java:82)
	at java.util.concurrent.ThreadPoolExecutor.runWorker(ThreadPoolExecutor.java:1142)
	at java.util.concurrent.ThreadPoolExecutor$Worker.run(ThreadPoolExecutor.java:617)
	at java.lang.Thread.run(Thread.java:745)
2017-03-14 16:49:15,711 ERROR[com.alibaba.dubbo.rpc.filter.ExceptionFilter:87] -  [DUBBO] Got unchecked and undeclared exception which called by 192.168.56.1. service: com.rrcp.api.user.service.impl.UService, method: getData, exception: java.lang.NullPointerException: null, dubbo version: 2.8.4, current host: 127.0.0.1
java.lang.NullPointerException
	at com.rrcp.api.user.service.impl.UServiceImpl.getData(UServiceImpl.java:18)
	at com.alibaba.dubbo.common.bytecode.Wrapper3.invokeMethod(Wrapper3.java)
	at com.alibaba.dubbo.rpc.proxy.javassist.JavassistProxyFactory$1.doInvoke(JavassistProxyFactory.java:46)
	at com.alibaba.dubbo.rpc.proxy.AbstractProxyInvoker.invoke(AbstractProxyInvoker.java:72)
	at com.alibaba.dubbo.rpc.protocol.InvokerWrapper.invoke(InvokerWrapper.java:53)
	at com.alibaba.dubbo.rpc.filter.ExceptionFilter.invoke(ExceptionFilter.java:64)
	at com.alibaba.dubbo.rpc.protocol.ProtocolFilterWrapper$1.invoke(ProtocolFilterWrapper.java:91)
	at com.alibaba.dubbo.monitor.support.MonitorFilter.invoke(MonitorFilter.java:75)
	at com.alibaba.dubbo.rpc.protocol.ProtocolFilterWrapper$1.invoke(ProtocolFilterWrapper.java:91)
	at com.alibaba.dubbo.rpc.filter.TimeoutFilter.invoke(TimeoutFilter.java:42)
	at com.alibaba.dubbo.rpc.protocol.ProtocolFilterWrapper$1.invoke(ProtocolFilterWrapper.java:91)
	at com.alibaba.dubbo.rpc.protocol.dubbo.filter.TraceFilter.invoke(TraceFilter.java:78)
	at com.alibaba.dubbo.rpc.protocol.ProtocolFilterWrapper$1.invoke(ProtocolFilterWrapper.java:91)
	at com.alibaba.dubbo.rpc.filter.ContextFilter.invoke(ContextFilter.java:70)
	at com.alibaba.dubbo.rpc.protocol.ProtocolFilterWrapper$1.invoke(ProtocolFilterWrapper.java:91)
	at com.alibaba.dubbo.rpc.filter.GenericFilter.invoke(GenericFilter.java:132)
	at com.alibaba.dubbo.rpc.protocol.ProtocolFilterWrapper$1.invoke(ProtocolFilterWrapper.java:91)
	at com.alibaba.dubbo.rpc.filter.ClassLoaderFilter.invoke(ClassLoaderFilter.java:38)
	at com.alibaba.dubbo.rpc.protocol.ProtocolFilterWrapper$1.invoke(ProtocolFilterWrapper.java:91)
	at com.alibaba.dubbo.rpc.filter.EchoFilter.invoke(EchoFilter.java:38)
	at com.alibaba.dubbo.rpc.protocol.ProtocolFilterWrapper$1.invoke(ProtocolFilterWrapper.java:91)
	at com.alibaba.dubbo.rpc.protocol.dubbo.DubboProtocol$1.reply(DubboProtocol.java:113)
	at com.alibaba.dubbo.remoting.exchange.support.header.HeaderExchangeHandler.handleRequest(HeaderExchangeHandler.java:84)
	at com.alibaba.dubbo.remoting.exchange.support.header.HeaderExchangeHandler.received(HeaderExchangeHandler.java:170)
	at com.alibaba.dubbo.remoting.transport.DecodeHandler.received(DecodeHandler.java:52)
	at com.alibaba.dubbo.remoting.transport.dispatcher.ChannelEventRunnable.run(ChannelEventRunnable.java:82)
	at java.util.concurrent.ThreadPoolExecutor.runWorker(ThreadPoolExecutor.java:1142)
	at java.util.concurrent.ThreadPoolExecutor$Worker.run(ThreadPoolExecutor.java:617)
	at java.lang.Thread.run(Thread.java:745)
2017-03-14 16:56:14,229 ERROR[com.alibaba.dubbo.rpc.filter.ExceptionFilter:87] -  [DUBBO] Got unchecked and undeclared exception which called by 192.168.56.1. service: com.rrcp.api.user.service.impl.UService, method: getData, exception: java.lang.NullPointerException: null, dubbo version: 2.8.4, current host: 127.0.0.1
java.lang.NullPointerException
	at com.rrcp.api.user.service.impl.UServiceImpl.getData(UServiceImpl.java:18)
	at com.alibaba.dubbo.common.bytecode.Wrapper3.invokeMethod(Wrapper3.java)
	at com.alibaba.dubbo.rpc.proxy.javassist.JavassistProxyFactory$1.doInvoke(JavassistProxyFactory.java:46)
	at com.alibaba.dubbo.rpc.proxy.AbstractProxyInvoker.invoke(AbstractProxyInvoker.java:72)
	at com.alibaba.dubbo.rpc.protocol.InvokerWrapper.invoke(InvokerWrapper.java:53)
	at com.alibaba.dubbo.rpc.filter.ExceptionFilter.invoke(ExceptionFilter.java:64)
	at com.alibaba.dubbo.rpc.protocol.ProtocolFilterWrapper$1.invoke(ProtocolFilterWrapper.java:91)
	at com.alibaba.dubbo.monitor.support.MonitorFilter.invoke(MonitorFilter.java:75)
	at com.alibaba.dubbo.rpc.protocol.ProtocolFilterWrapper$1.invoke(ProtocolFilterWrapper.java:91)
	at com.alibaba.dubbo.rpc.filter.TimeoutFilter.invoke(TimeoutFilter.java:42)
	at com.alibaba.dubbo.rpc.protocol.ProtocolFilterWrapper$1.invoke(ProtocolFilterWrapper.java:91)
	at com.alibaba.dubbo.rpc.protocol.dubbo.filter.TraceFilter.invoke(TraceFilter.java:78)
	at com.alibaba.dubbo.rpc.protocol.ProtocolFilterWrapper$1.invoke(ProtocolFilterWrapper.java:91)
	at com.alibaba.dubbo.rpc.filter.ContextFilter.invoke(ContextFilter.java:70)
	at com.alibaba.dubbo.rpc.protocol.ProtocolFilterWrapper$1.invoke(ProtocolFilterWrapper.java:91)
	at com.alibaba.dubbo.rpc.filter.GenericFilter.invoke(GenericFilter.java:132)
	at com.alibaba.dubbo.rpc.protocol.ProtocolFilterWrapper$1.invoke(ProtocolFilterWrapper.java:91)
	at com.alibaba.dubbo.rpc.filter.ClassLoaderFilter.invoke(ClassLoaderFilter.java:38)
	at com.alibaba.dubbo.rpc.protocol.ProtocolFilterWrapper$1.invoke(ProtocolFilterWrapper.java:91)
	at com.alibaba.dubbo.rpc.filter.EchoFilter.invoke(EchoFilter.java:38)
	at com.alibaba.dubbo.rpc.protocol.ProtocolFilterWrapper$1.invoke(ProtocolFilterWrapper.java:91)
	at com.alibaba.dubbo.rpc.protocol.dubbo.DubboProtocol$1.reply(DubboProtocol.java:113)
	at com.alibaba.dubbo.remoting.exchange.support.header.HeaderExchangeHandler.handleRequest(HeaderExchangeHandler.java:84)
	at com.alibaba.dubbo.remoting.exchange.support.header.HeaderExchangeHandler.received(HeaderExchangeHandler.java:170)
	at com.alibaba.dubbo.remoting.transport.DecodeHandler.received(DecodeHandler.java:52)
	at com.alibaba.dubbo.remoting.transport.dispatcher.ChannelEventRunnable.run(ChannelEventRunnable.java:82)
	at java.util.concurrent.ThreadPoolExecutor.runWorker(ThreadPoolExecutor.java:1142)
	at java.util.concurrent.ThreadPoolExecutor$Worker.run(ThreadPoolExecutor.java:617)
	at java.lang.Thread.run(Thread.java:745)
2017-03-14 16:56:14,333 ERROR[com.alibaba.dubbo.rpc.filter.ExceptionFilter:87] -  [DUBBO] Got unchecked and undeclared exception which called by 192.168.56.1. service: com.rrcp.api.user.service.impl.UService, method: getData, exception: java.lang.NullPointerException: null, dubbo version: 2.8.4, current host: 127.0.0.1
java.lang.NullPointerException
	at com.rrcp.api.user.service.impl.UServiceImpl.getData(UServiceImpl.java:18)
	at com.alibaba.dubbo.common.bytecode.Wrapper3.invokeMethod(Wrapper3.java)
	at com.alibaba.dubbo.rpc.proxy.javassist.JavassistProxyFactory$1.doInvoke(JavassistProxyFactory.java:46)
	at com.alibaba.dubbo.rpc.proxy.AbstractProxyInvoker.invoke(AbstractProxyInvoker.java:72)
	at com.alibaba.dubbo.rpc.protocol.InvokerWrapper.invoke(InvokerWrapper.java:53)
	at com.alibaba.dubbo.rpc.filter.ExceptionFilter.invoke(ExceptionFilter.java:64)
	at com.alibaba.dubbo.rpc.protocol.ProtocolFilterWrapper$1.invoke(ProtocolFilterWrapper.java:91)
	at com.alibaba.dubbo.monitor.support.MonitorFilter.invoke(MonitorFilter.java:75)
	at com.alibaba.dubbo.rpc.protocol.ProtocolFilterWrapper$1.invoke(ProtocolFilterWrapper.java:91)
	at com.alibaba.dubbo.rpc.filter.TimeoutFilter.invoke(TimeoutFilter.java:42)
	at com.alibaba.dubbo.rpc.protocol.ProtocolFilterWrapper$1.invoke(ProtocolFilterWrapper.java:91)
	at com.alibaba.dubbo.rpc.protocol.dubbo.filter.TraceFilter.invoke(TraceFilter.java:78)
	at com.alibaba.dubbo.rpc.protocol.ProtocolFilterWrapper$1.invoke(ProtocolFilterWrapper.java:91)
	at com.alibaba.dubbo.rpc.filter.ContextFilter.invoke(ContextFilter.java:70)
	at com.alibaba.dubbo.rpc.protocol.ProtocolFilterWrapper$1.invoke(ProtocolFilterWrapper.java:91)
	at com.alibaba.dubbo.rpc.filter.GenericFilter.invoke(GenericFilter.java:132)
	at com.alibaba.dubbo.rpc.protocol.ProtocolFilterWrapper$1.invoke(ProtocolFilterWrapper.java:91)
	at com.alibaba.dubbo.rpc.filter.ClassLoaderFilter.invoke(ClassLoaderFilter.java:38)
	at com.alibaba.dubbo.rpc.protocol.ProtocolFilterWrapper$1.invoke(ProtocolFilterWrapper.java:91)
	at com.alibaba.dubbo.rpc.filter.EchoFilter.invoke(EchoFilter.java:38)
	at com.alibaba.dubbo.rpc.protocol.ProtocolFilterWrapper$1.invoke(ProtocolFilterWrapper.java:91)
	at com.alibaba.dubbo.rpc.protocol.dubbo.DubboProtocol$1.reply(DubboProtocol.java:113)
	at com.alibaba.dubbo.remoting.exchange.support.header.HeaderExchangeHandler.handleRequest(HeaderExchangeHandler.java:84)
	at com.alibaba.dubbo.remoting.exchange.support.header.HeaderExchangeHandler.received(HeaderExchangeHandler.java:170)
	at com.alibaba.dubbo.remoting.transport.DecodeHandler.received(DecodeHandler.java:52)
	at com.alibaba.dubbo.remoting.transport.dispatcher.ChannelEventRunnable.run(ChannelEventRunnable.java:82)
	at java.util.concurrent.ThreadPoolExecutor.runWorker(ThreadPoolExecutor.java:1142)
	at java.util.concurrent.ThreadPoolExecutor$Worker.run(ThreadPoolExecutor.java:617)
	at java.lang.Thread.run(Thread.java:745)
2017-03-14 17:15:26,241 ERROR[com.alibaba.dubbo.rpc.filter.ExceptionFilter:87] -  [DUBBO] Got unchecked and undeclared exception which called by 192.168.56.1. service: com.rrcp.api.user.service.impl.UService, method: getData, exception: java.lang.NullPointerException: null, dubbo version: 2.8.4, current host: 127.0.0.1
java.lang.NullPointerException
	at com.rrcp.api.user.service.impl.UServiceImpl.getData(UServiceImpl.java:18)
	at com.alibaba.dubbo.common.bytecode.Wrapper3.invokeMethod(Wrapper3.java)
	at com.alibaba.dubbo.rpc.proxy.javassist.JavassistProxyFactory$1.doInvoke(JavassistProxyFactory.java:46)
	at com.alibaba.dubbo.rpc.proxy.AbstractProxyInvoker.invoke(AbstractProxyInvoker.java:72)
	at com.alibaba.dubbo.rpc.protocol.InvokerWrapper.invoke(InvokerWrapper.java:53)
	at com.alibaba.dubbo.rpc.filter.ExceptionFilter.invoke(ExceptionFilter.java:64)
	at com.alibaba.dubbo.rpc.protocol.ProtocolFilterWrapper$1.invoke(ProtocolFilterWrapper.java:91)
	at com.alibaba.dubbo.monitor.support.MonitorFilter.invoke(MonitorFilter.java:75)
	at com.alibaba.dubbo.rpc.protocol.ProtocolFilterWrapper$1.invoke(ProtocolFilterWrapper.java:91)
	at com.alibaba.dubbo.rpc.filter.TimeoutFilter.invoke(TimeoutFilter.java:42)
	at com.alibaba.dubbo.rpc.protocol.ProtocolFilterWrapper$1.invoke(ProtocolFilterWrapper.java:91)
	at com.alibaba.dubbo.rpc.protocol.dubbo.filter.TraceFilter.invoke(TraceFilter.java:78)
	at com.alibaba.dubbo.rpc.protocol.ProtocolFilterWrapper$1.invoke(ProtocolFilterWrapper.java:91)
	at com.alibaba.dubbo.rpc.filter.ContextFilter.invoke(ContextFilter.java:70)
	at com.alibaba.dubbo.rpc.protocol.ProtocolFilterWrapper$1.invoke(ProtocolFilterWrapper.java:91)
	at com.alibaba.dubbo.rpc.filter.GenericFilter.invoke(GenericFilter.java:132)
	at com.alibaba.dubbo.rpc.protocol.ProtocolFilterWrapper$1.invoke(ProtocolFilterWrapper.java:91)
	at com.alibaba.dubbo.rpc.filter.ClassLoaderFilter.invoke(ClassLoaderFilter.java:38)
	at com.alibaba.dubbo.rpc.protocol.ProtocolFilterWrapper$1.invoke(ProtocolFilterWrapper.java:91)
	at com.alibaba.dubbo.rpc.filter.EchoFilter.invoke(EchoFilter.java:38)
	at com.alibaba.dubbo.rpc.protocol.ProtocolFilterWrapper$1.invoke(ProtocolFilterWrapper.java:91)
	at com.alibaba.dubbo.rpc.protocol.dubbo.DubboProtocol$1.reply(DubboProtocol.java:113)
	at com.alibaba.dubbo.remoting.exchange.support.header.HeaderExchangeHandler.handleRequest(HeaderExchangeHandler.java:84)
	at com.alibaba.dubbo.remoting.exchange.support.header.HeaderExchangeHandler.received(HeaderExchangeHandler.java:170)
	at com.alibaba.dubbo.remoting.transport.DecodeHandler.received(DecodeHandler.java:52)
	at com.alibaba.dubbo.remoting.transport.dispatcher.ChannelEventRunnable.run(ChannelEventRunnable.java:82)
	at java.util.concurrent.ThreadPoolExecutor.runWorker(ThreadPoolExecutor.java:1142)
	at java.util.concurrent.ThreadPoolExecutor$Worker.run(ThreadPoolExecutor.java:617)
	at java.lang.Thread.run(Thread.java:745)
2017-04-05 17:50:08,112 ERROR[org.springframework.test.context.TestContextManager:231] - Caught exception while allowing TestExecutionListener [org.springframework.test.context.support.DependencyInjectionTestExecutionListener@cb644e] to prepare test instance [com.rrcp.core.user.dao.UserDaoTest@5217f3d0]
java.lang.IllegalStateException: Failed to load ApplicationContext
	at org.springframework.test.context.cache.DefaultCacheAwareContextLoaderDelegate.loadContext(DefaultCacheAwareContextLoaderDelegate.java:124)
	at org.springframework.test.context.support.DefaultTestContext.getApplicationContext(DefaultTestContext.java:83)
	at org.springframework.test.context.support.DependencyInjectionTestExecutionListener.injectDependencies(DependencyInjectionTestExecutionListener.java:117)
	at org.springframework.test.context.support.DependencyInjectionTestExecutionListener.prepareTestInstance(DependencyInjectionTestExecutionListener.java:83)
	at org.springframework.test.context.TestContextManager.prepareTestInstance(TestContextManager.java:228)
	at org.springframework.test.context.junit4.SpringJUnit4ClassRunner.createTest(SpringJUnit4ClassRunner.java:217)
	at org.springframework.test.context.junit4.SpringJUnit4ClassRunner$1.runReflectiveCall(SpringJUnit4ClassRunner.java:276)
	at org.junit.internal.runners.model.ReflectiveCallable.run(ReflectiveCallable.java:12)
	at org.springframework.test.context.junit4.SpringJUnit4ClassRunner.methodBlock(SpringJUnit4ClassRunner.java:278)
	at org.springframework.test.context.junit4.SpringJUnit4ClassRunner.runChild(SpringJUnit4ClassRunner.java:236)
	at org.springframework.test.context.junit4.SpringJUnit4ClassRunner.runChild(SpringJUnit4ClassRunner.java:87)
	at org.junit.runners.ParentRunner$3.run(ParentRunner.java:290)
	at org.junit.runners.ParentRunner$1.schedule(ParentRunner.java:71)
	at org.junit.runners.ParentRunner.runChildren(ParentRunner.java:288)
	at org.junit.runners.ParentRunner.access$000(ParentRunner.java:58)
	at org.junit.runners.ParentRunner$2.evaluate(ParentRunner.java:268)
	at org.springframework.test.context.junit4.statements.RunBeforeTestClassCallbacks.evaluate(RunBeforeTestClassCallbacks.java:61)
	at org.springframework.test.context.junit4.statements.RunAfterTestClassCallbacks.evaluate(RunAfterTestClassCallbacks.java:70)
	at org.junit.runners.ParentRunner.run(ParentRunner.java:363)
	at org.springframework.test.context.junit4.SpringJUnit4ClassRunner.run(SpringJUnit4ClassRunner.java:180)
	at org.junit.runner.JUnitCore.run(JUnitCore.java:137)
	at com.intellij.junit4.JUnit4IdeaTestRunner.startRunnerWithArgs(JUnit4IdeaTestRunner.java:68)
	at com.intellij.rt.execution.junit.IdeaTestRunner$Repeater.startRunnerWithArgs(IdeaTestRunner.java:51)
	at com.intellij.rt.execution.junit.JUnitStarter.prepareStreamsAndStart(JUnitStarter.java:237)
	at com.intellij.rt.execution.junit.JUnitStarter.main(JUnitStarter.java:70)
	at sun.reflect.NativeMethodAccessorImpl.invoke0(Native Method)
	at sun.reflect.NativeMethodAccessorImpl.invoke(NativeMethodAccessorImpl.java:62)
	at sun.reflect.DelegatingMethodAccessorImpl.invoke(DelegatingMethodAccessorImpl.java:43)
	at java.lang.reflect.Method.invoke(Method.java:498)
	at com.intellij.rt.execution.application.AppMain.main(AppMain.java:147)
Caused by: com.alibaba.dubbo.rpc.RpcException: Fail to start server(url: dubbo://192.168.56.1:20880/com.rrcp.api.user.service.impl.UserService?anyhost=true&application=rrcp-service&channel.readonly.sent=true&codec=dubbo&default.accepts=1000&default.threadpool=fixed&default.threads=100&default.timeout=10000&dubbo=2.8.4&generic=false&heartbeat=60000&interface=com.rrcp.api.user.service.impl.UserService&methods=queryByPhone,addScoreBySyn,getUserList,addScoreByAsy&owner=hpw_service&pid=14008&retries=0&side=provider&timestamp=1491385807506) Failed to bind NettyServer on /192.168.56.1:20880, cause: Failed to bind to: /0.0.0.0:20880
	at com.alibaba.dubbo.rpc.protocol.dubbo.DubboProtocol.createServer(DubboProtocol.java:331)
	at com.alibaba.dubbo.rpc.protocol.dubbo.DubboProtocol.openServer(DubboProtocol.java:308)
	at com.alibaba.dubbo.rpc.protocol.dubbo.DubboProtocol.export(DubboProtocol.java:258)
	at com.alibaba.dubbo.rpc.protocol.ProtocolListenerWrapper.export(ProtocolListenerWrapper.java:56)
	at com.alibaba.dubbo.rpc.protocol.ProtocolFilterWrapper.export(ProtocolFilterWrapper.java:55)
	at com.alibaba.dubbo.rpc.Protocol$Adpative.export(Protocol$Adpative.java)
	at com.alibaba.dubbo.registry.integration.RegistryProtocol.doLocalExport(RegistryProtocol.java:153)
	at com.alibaba.dubbo.registry.integration.RegistryProtocol.export(RegistryProtocol.java:107)
	at com.alibaba.dubbo.rpc.protocol.ProtocolListenerWrapper.export(ProtocolListenerWrapper.java:54)
	at com.alibaba.dubbo.rpc.protocol.ProtocolFilterWrapper.export(ProtocolFilterWrapper.java:53)
	at com.alibaba.dubbo.rpc.Protocol$Adpative.export(Protocol$Adpative.java)
	at com.alibaba.dubbo.config.ServiceConfig.doExportUrlsFor1Protocol(ServiceConfig.java:489)
	at com.alibaba.dubbo.config.ServiceConfig.doExportUrls(ServiceConfig.java:285)
	at com.alibaba.dubbo.config.ServiceConfig.doExport(ServiceConfig.java:246)
	at com.alibaba.dubbo.config.ServiceConfig.export(ServiceConfig.java:145)
	at com.alibaba.dubbo.config.spring.ServiceBean.onApplicationEvent(ServiceBean.java:110)
	at org.springframework.context.event.SimpleApplicationEventMulticaster.invokeListener(SimpleApplicationEventMulticaster.java:163)
	at org.springframework.context.event.SimpleApplicationEventMulticaster.multicastEvent(SimpleApplicationEventMulticaster.java:136)
	at org.springframework.context.support.AbstractApplicationContext.publishEvent(AbstractApplicationContext.java:380)
	at org.springframework.context.support.AbstractApplicationContext.publishEvent(AbstractApplicationContext.java:334)
	at org.springframework.context.support.AbstractApplicationContext.finishRefresh(AbstractApplicationContext.java:850)
	at org.springframework.context.support.AbstractApplicationContext.refresh(AbstractApplicationContext.java:540)
	at org.springframework.test.context.support.AbstractGenericContextLoader.loadContext(AbstractGenericContextLoader.java:125)
	at org.springframework.test.context.support.AbstractGenericContextLoader.loadContext(AbstractGenericContextLoader.java:60)
	at org.springframework.test.context.support.AbstractDelegatingSmartContextLoader.delegateLoading(AbstractDelegatingSmartContextLoader.java:109)
	at org.springframework.test.context.support.AbstractDelegatingSmartContextLoader.loadContext(AbstractDelegatingSmartContextLoader.java:261)
	at org.springframework.test.context.cache.DefaultCacheAwareContextLoaderDelegate.loadContextInternal(DefaultCacheAwareContextLoaderDelegate.java:98)
	at org.springframework.test.context.cache.DefaultCacheAwareContextLoaderDelegate.loadContext(DefaultCacheAwareContextLoaderDelegate.java:116)
	... 29 more
Caused by: com.alibaba.dubbo.remoting.RemotingException: Failed to bind NettyServer on /192.168.56.1:20880, cause: Failed to bind to: /0.0.0.0:20880
	at com.alibaba.dubbo.remoting.transport.AbstractServer.<init>(AbstractServer.java:74)
	at com.alibaba.dubbo.remoting.transport.netty.NettyServer.<init>(NettyServer.java:63)
	at com.alibaba.dubbo.remoting.transport.netty.NettyTransporter.bind(NettyTransporter.java:33)
	at com.alibaba.dubbo.remoting.Transporter$Adpative.bind(Transporter$Adpative.java)
	at com.alibaba.dubbo.remoting.Transporters.bind(Transporters.java:48)
	at com.alibaba.dubbo.remoting.exchange.support.header.HeaderExchanger.bind(HeaderExchanger.java:41)
	at com.alibaba.dubbo.remoting.exchange.Exchangers.bind(Exchangers.java:63)
	at com.alibaba.dubbo.rpc.protocol.dubbo.DubboProtocol.createServer(DubboProtocol.java:329)
	... 56 more
Caused by: org.jboss.netty.channel.ChannelException: Failed to bind to: /0.0.0.0:20880
	at org.jboss.netty.bootstrap.ServerBootstrap.bind(ServerBootstrap.java:272)
	at com.alibaba.dubbo.remoting.transport.netty.NettyServer.doOpen(NettyServer.java:94)
	at com.alibaba.dubbo.remoting.transport.AbstractServer.<init>(AbstractServer.java:68)
	... 63 more
Caused by: java.net.BindException: Address already in use: bind
	at sun.nio.ch.Net.bind0(Native Method)
	at sun.nio.ch.Net.bind(Net.java:433)
	at sun.nio.ch.Net.bind(Net.java:425)
	at sun.nio.ch.ServerSocketChannelImpl.bind(ServerSocketChannelImpl.java:223)
	at sun.nio.ch.ServerSocketAdaptor.bind(ServerSocketAdaptor.java:74)
	at org.jboss.netty.channel.socket.nio.NioServerBoss$RegisterTask.run(NioServerBoss.java:193)
	at org.jboss.netty.channel.socket.nio.AbstractNioSelector.processTaskQueue(AbstractNioSelector.java:366)
	at org.jboss.netty.channel.socket.nio.AbstractNioSelector.run(AbstractNioSelector.java:290)
	at org.jboss.netty.channel.socket.nio.NioServerBoss.run(NioServerBoss.java:42)
	at java.util.concurrent.ThreadPoolExecutor.runWorker(ThreadPoolExecutor.java:1142)
	at java.util.concurrent.ThreadPoolExecutor$Worker.run(ThreadPoolExecutor.java:617)
	at java.lang.Thread.run(Thread.java:745)
2017-04-05 17:50:09,008 ERROR[org.springframework.test.context.TestContextManager:231] - Caught exception while allowing TestExecutionListener [org.springframework.test.context.support.DependencyInjectionTestExecutionListener@cb644e] to prepare test instance [com.rrcp.core.user.dao.UserDaoTest@3670f00]
java.lang.IllegalStateException: Failed to load ApplicationContext
	at org.springframework.test.context.cache.DefaultCacheAwareContextLoaderDelegate.loadContext(DefaultCacheAwareContextLoaderDelegate.java:124)
	at org.springframework.test.context.support.DefaultTestContext.getApplicationContext(DefaultTestContext.java:83)
	at org.springframework.test.context.support.DependencyInjectionTestExecutionListener.injectDependencies(DependencyInjectionTestExecutionListener.java:117)
	at org.springframework.test.context.support.DependencyInjectionTestExecutionListener.prepareTestInstance(DependencyInjectionTestExecutionListener.java:83)
	at org.springframework.test.context.TestContextManager.prepareTestInstance(TestContextManager.java:228)
	at org.springframework.test.context.junit4.SpringJUnit4ClassRunner.createTest(SpringJUnit4ClassRunner.java:217)
	at org.springframework.test.context.junit4.SpringJUnit4ClassRunner$1.runReflectiveCall(SpringJUnit4ClassRunner.java:276)
	at org.junit.internal.runners.model.ReflectiveCallable.run(ReflectiveCallable.java:12)
	at org.springframework.test.context.junit4.SpringJUnit4ClassRunner.methodBlock(SpringJUnit4ClassRunner.java:278)
	at org.springframework.test.context.junit4.SpringJUnit4ClassRunner.runChild(SpringJUnit4ClassRunner.java:236)
	at org.springframework.test.context.junit4.SpringJUnit4ClassRunner.runChild(SpringJUnit4ClassRunner.java:87)
	at org.junit.runners.ParentRunner$3.run(ParentRunner.java:290)
	at org.junit.runners.ParentRunner$1.schedule(ParentRunner.java:71)
	at org.junit.runners.ParentRunner.runChildren(ParentRunner.java:288)
	at org.junit.runners.ParentRunner.access$000(ParentRunner.java:58)
	at org.junit.runners.ParentRunner$2.evaluate(ParentRunner.java:268)
	at org.springframework.test.context.junit4.statements.RunBeforeTestClassCallbacks.evaluate(RunBeforeTestClassCallbacks.java:61)
	at org.springframework.test.context.junit4.statements.RunAfterTestClassCallbacks.evaluate(RunAfterTestClassCallbacks.java:70)
	at org.junit.runners.ParentRunner.run(ParentRunner.java:363)
	at org.springframework.test.context.junit4.SpringJUnit4ClassRunner.run(SpringJUnit4ClassRunner.java:180)
	at org.junit.runner.JUnitCore.run(JUnitCore.java:137)
	at com.intellij.junit4.JUnit4IdeaTestRunner.startRunnerWithArgs(JUnit4IdeaTestRunner.java:68)
	at com.intellij.rt.execution.junit.IdeaTestRunner$Repeater.startRunnerWithArgs(IdeaTestRunner.java:51)
	at com.intellij.rt.execution.junit.JUnitStarter.prepareStreamsAndStart(JUnitStarter.java:237)
	at com.intellij.rt.execution.junit.JUnitStarter.main(JUnitStarter.java:70)
	at sun.reflect.NativeMethodAccessorImpl.invoke0(Native Method)
	at sun.reflect.NativeMethodAccessorImpl.invoke(NativeMethodAccessorImpl.java:62)
	at sun.reflect.DelegatingMethodAccessorImpl.invoke(DelegatingMethodAccessorImpl.java:43)
	at java.lang.reflect.Method.invoke(Method.java:498)
	at com.intellij.rt.execution.application.AppMain.main(AppMain.java:147)
Caused by: com.alibaba.dubbo.rpc.RpcException: Fail to start server(url: dubbo://192.168.56.1:20880/com.rrcp.api.user.service.impl.UserService?anyhost=true&application=rrcp-service&channel.readonly.sent=true&codec=dubbo&default.accepts=1000&default.threadpool=fixed&default.threads=100&default.timeout=10000&dubbo=2.8.4&generic=false&heartbeat=60000&interface=com.rrcp.api.user.service.impl.UserService&methods=queryByPhone,addScoreBySyn,getUserList,addScoreByAsy&owner=hpw_service&pid=14008&retries=0&side=provider&timestamp=1491385808712) Failed to bind NettyServer on /192.168.56.1:20880, cause: Failed to bind to: /0.0.0.0:20880
	at com.alibaba.dubbo.rpc.protocol.dubbo.DubboProtocol.createServer(DubboProtocol.java:331)
	at com.alibaba.dubbo.rpc.protocol.dubbo.DubboProtocol.openServer(DubboProtocol.java:308)
	at com.alibaba.dubbo.rpc.protocol.dubbo.DubboProtocol.export(DubboProtocol.java:258)
	at com.alibaba.dubbo.rpc.protocol.ProtocolListenerWrapper.export(ProtocolListenerWrapper.java:56)
	at com.alibaba.dubbo.rpc.protocol.ProtocolFilterWrapper.export(ProtocolFilterWrapper.java:55)
	at com.alibaba.dubbo.rpc.Protocol$Adpative.export(Protocol$Adpative.java)
	at com.alibaba.dubbo.registry.integration.RegistryProtocol.doLocalExport(RegistryProtocol.java:153)
	at com.alibaba.dubbo.registry.integration.RegistryProtocol.export(RegistryProtocol.java:107)
	at com.alibaba.dubbo.rpc.protocol.ProtocolListenerWrapper.export(ProtocolListenerWrapper.java:54)
	at com.alibaba.dubbo.rpc.protocol.ProtocolFilterWrapper.export(ProtocolFilterWrapper.java:53)
	at com.alibaba.dubbo.rpc.Protocol$Adpative.export(Protocol$Adpative.java)
	at com.alibaba.dubbo.config.ServiceConfig.doExportUrlsFor1Protocol(ServiceConfig.java:489)
	at com.alibaba.dubbo.config.ServiceConfig.doExportUrls(ServiceConfig.java:285)
	at com.alibaba.dubbo.config.ServiceConfig.doExport(ServiceConfig.java:246)
	at com.alibaba.dubbo.config.ServiceConfig.export(ServiceConfig.java:145)
	at com.alibaba.dubbo.config.spring.ServiceBean.onApplicationEvent(ServiceBean.java:110)
	at org.springframework.context.event.SimpleApplicationEventMulticaster.invokeListener(SimpleApplicationEventMulticaster.java:163)
	at org.springframework.context.event.SimpleApplicationEventMulticaster.multicastEvent(SimpleApplicationEventMulticaster.java:136)
	at org.springframework.context.support.AbstractApplicationContext.publishEvent(AbstractApplicationContext.java:380)
	at org.springframework.context.support.AbstractApplicationContext.publishEvent(AbstractApplicationContext.java:334)
	at org.springframework.context.support.AbstractApplicationContext.finishRefresh(AbstractApplicationContext.java:850)
	at org.springframework.context.support.AbstractApplicationContext.refresh(AbstractApplicationContext.java:540)
	at org.springframework.test.context.support.AbstractGenericContextLoader.loadContext(AbstractGenericContextLoader.java:125)
	at org.springframework.test.context.support.AbstractGenericContextLoader.loadContext(AbstractGenericContextLoader.java:60)
	at org.springframework.test.context.support.AbstractDelegatingSmartContextLoader.delegateLoading(AbstractDelegatingSmartContextLoader.java:109)
	at org.springframework.test.context.support.AbstractDelegatingSmartContextLoader.loadContext(AbstractDelegatingSmartContextLoader.java:261)
	at org.springframework.test.context.cache.DefaultCacheAwareContextLoaderDelegate.loadContextInternal(DefaultCacheAwareContextLoaderDelegate.java:98)
	at org.springframework.test.context.cache.DefaultCacheAwareContextLoaderDelegate.loadContext(DefaultCacheAwareContextLoaderDelegate.java:116)
	... 29 more
Caused by: com.alibaba.dubbo.remoting.RemotingException: Failed to bind NettyServer on /192.168.56.1:20880, cause: Failed to bind to: /0.0.0.0:20880
	at com.alibaba.dubbo.remoting.transport.AbstractServer.<init>(AbstractServer.java:74)
	at com.alibaba.dubbo.remoting.transport.netty.NettyServer.<init>(NettyServer.java:63)
	at com.alibaba.dubbo.remoting.transport.netty.NettyTransporter.bind(NettyTransporter.java:33)
	at com.alibaba.dubbo.remoting.Transporter$Adpative.bind(Transporter$Adpative.java)
	at com.alibaba.dubbo.remoting.Transporters.bind(Transporters.java:48)
	at com.alibaba.dubbo.remoting.exchange.support.header.HeaderExchanger.bind(HeaderExchanger.java:41)
	at com.alibaba.dubbo.remoting.exchange.Exchangers.bind(Exchangers.java:63)
	at com.alibaba.dubbo.rpc.protocol.dubbo.DubboProtocol.createServer(DubboProtocol.java:329)
	... 56 more
Caused by: org.jboss.netty.channel.ChannelException: Failed to bind to: /0.0.0.0:20880
	at org.jboss.netty.bootstrap.ServerBootstrap.bind(ServerBootstrap.java:272)
	at com.alibaba.dubbo.remoting.transport.netty.NettyServer.doOpen(NettyServer.java:94)
	at com.alibaba.dubbo.remoting.transport.AbstractServer.<init>(AbstractServer.java:68)
	... 63 more
Caused by: java.net.BindException: Address already in use: bind
	at sun.nio.ch.Net.bind0(Native Method)
	at sun.nio.ch.Net.bind(Net.java:433)
	at sun.nio.ch.Net.bind(Net.java:425)
	at sun.nio.ch.ServerSocketChannelImpl.bind(ServerSocketChannelImpl.java:223)
	at sun.nio.ch.ServerSocketAdaptor.bind(ServerSocketAdaptor.java:74)
	at org.jboss.netty.channel.socket.nio.NioServerBoss$RegisterTask.run(NioServerBoss.java:193)
	at org.jboss.netty.channel.socket.nio.AbstractNioSelector.processTaskQueue(AbstractNioSelector.java:366)
	at org.jboss.netty.channel.socket.nio.AbstractNioSelector.run(AbstractNioSelector.java:290)
	at org.jboss.netty.channel.socket.nio.NioServerBoss.run(NioServerBoss.java:42)
	at java.util.concurrent.ThreadPoolExecutor.runWorker(ThreadPoolExecutor.java:1142)
	at java.util.concurrent.ThreadPoolExecutor$Worker.run(ThreadPoolExecutor.java:617)
	at java.lang.Thread.run(Thread.java:745)
